Added Component: Designator=P1(SMTC-TSW-103-08-X-D)
Add component (AddParameter): Name = "ComponentLink1Description"; Value = "Manufacturer URL"; VariantName = "[No Variations]"
Add component (AddParameter): Name = "ComponentLink1URL"; Value = "http://www.samtec.com"; VariantName = "[No Variations]"
Add component (AddParameter): Name = "ComponentLink2Description"; Value = "Datasheet"; VariantName = "[No Variations]"
Add component (AddParameter): Name = "ComponentLink2URL"; Value = "http://www.samtec.com/documents/webfiles/pdf/TSW_TH.PDF"; VariantName = "[No Variations]"
Add component (AddParameter): Name = "ComponentLink3Description"; Value = "Package Specification"; VariantName = "[No Variations]"
Add component (AddParameter): Name = "ComponentLink3URL"; Value = "http://www.samtec.com/documents/webfiles/cpdf/TSW-XXX-XX-XXX-X-XX-XXX-MKT.pdf"; VariantName = "[No Variations]"
Add component (AddParameter): Name = "DatasheetVersion"; Value = "F-214"; VariantName = "[No Variations]"
Add component (AddParameter): Name = "Manufacturer"; Value = "Samtec"; VariantName = "[No Variations]"
Add component (AddParameter): Name = "Mounting Technology"; Value = "Through-hole"; VariantName = "[No Variations]"
Add component (AddParameter): Name = "Orientation"; Value = "Vertical"; VariantName = "[No Variations]"
Add component (AddParameter): Name = "PackageDescription"; Value = ".025[0.64] SQ. Post Terminal Strip Assembly"; VariantName = "[No Variations]"
Add component (AddParameter): Name = "PackageReference"; Value = "TSW-103-08-X-D"; VariantName = "[No Variations]"
Add component (AddParameter): Name = "PackageVersion"; Value = "DM, 8/1988"; VariantName = "[No Variations]"
Add component (AddParameter): Name = "PartNumber"; Value = "TSW-103-08-G-D"; VariantName = "[No Variations]"
Add component (AddParameter): Name = "Pitch"; Value = "2.54 mm"; VariantName = "[No Variations]"
Add component (AddParameter): Name = "RoHS"; Value = "True"; VariantName = "[No Variations]"
Add component (AddParameter): Name = "Temperature Range"; Value = "-55 to 125 degC"; VariantName = "[No Variations]"
Added Pin To Net: NetName=GND Pin=MD-9
Added Pin To Net: NetName=GND Pin=P1-1
Added Pin To Net: NetName=VCC Pin=P1-5
Added Pin To Net: NetName=MISO Pin=IC1-16
Added Pin To Net: NetName=MISO Pin=P1-6
Added Net: Name=MISO
Added Pin To Net: NetName=MOSI Pin=IC1-15
Added Pin To Net: NetName=MOSI Pin=JST-4
Added Pin To Net: NetName=MOSI Pin=P1-3
Added Net: Name=MOSI
Added Pin To Net: NetName=RESET Pin=IC1-19
Added Pin To Net: NetName=RESET Pin=P1-2
Added Net: Name=RESET
Added Pin To Net: NetName=SCK Pin=IC1-17
Added Pin To Net: NetName=SCK Pin=JST-5
Added Pin To Net: NetName=SCK Pin=P1-4
Added Net: Name=SCK
Added Member To Class: ClassName=updated_sami_board Member=Component P1 TSW-103-08-G-D
