Removed Pin From Net: NetName=INPUT2 Pin=IC1-1
Removed Pin From Net: NetName=Q1 Pin=IC1-4
Removed Pin From Net: NetName=Q2 Pin=IC1-5
Removed Pin From Net: NetName=CURRENT_IN Pin=IC1-6
Removed Pin From Net: NetName=GND Pin=IC1-8
Removed Pin From Net: NetName=MOSI Pin=IC1-15
Removed Pin From Net: NetName=MISO Pin=IC1-16
Removed Pin From Net: NetName=SCK Pin=IC1-17
Removed Pin From Net: NetName=VCC Pin=IC1-18
Removed Pin From Net: NetName=RESET Pin=IC1-19
Removed Pin From Net: NetName=INPUT1 Pin=IC1-20
Removed Pin From Net: NetName=MOSI Pin=JST2-4
Removed Pin From Net: NetName=SCK Pin=JST2-5
Removed Pin From Net: NetName=MOSI Pin=JST-4
Removed Pin From Net: NetName=SCK Pin=JST-5
Removed Member From Class: ClassName=updated_sami_board Member=IC1
Added Component: Designator=U3(32A_L)
Add component (AddParameter): Name = "Code_JEDEC"; Value = "MS-026-ABA"; VariantName = "[No Variations]"
Add component (AddParameter): Name = "ComponentLink1Description"; Value = "Manufacturer URL"; VariantName = "[No Variations]"
Add component (AddParameter): Name = "ComponentLink1URL"; Value = "http://www.atmel.com/"; VariantName = "[No Variations]"
Add component (AddParameter): Name = "ComponentLink2Description"; Value = "ATmega48A/48PA/88A/88PA/168A/168PA/328/328P Datasheet"; VariantName = "[No Variations]"
Add component (AddParameter): Name = "ComponentLink2URL"; Value = "http://www.atmel.com/dyn/resources/prod_documents/doc8271.pdf"; VariantName = "[No Variations]"
Add component (AddParameter): Name = "ComponentLink3Description"; Value = "ATmega48A/48PA/88A/88PA/168A/168PA/328/328P Summary"; VariantName = "[No Variations]"
Add component (AddParameter): Name = "ComponentLink3URL"; Value = "http://www.atmel.com/dyn/resources/prod_documents/8271S.pdf"; VariantName = "[No Variations]"
Add component (AddParameter): Name = "DatasheetVersion"; Value = "revD, May-2011"; VariantName = "[No Variations]"
Add component (AddParameter): Name = "PackageDescription"; Value = "32-Lead, 7x7x1.0 mm Body, 0.8mm Lead Pitch, Thin Profile Plastic Quad Flat Package (TQFP)"; VariantName = "[No Variations]"
Add component (AddParameter): Name = "PackageReference"; Value = "32A"; VariantName = "[No Variations]"
Add component (AddParameter): Name = "PackageVersion"; Value = "revC, Oct-2010"; VariantName = "[No Variations]"
Add component (AddParameter): Name = "RevisionNote"; Value = "DatasheetVersion & PackageVersion updated. URLs added."; VariantName = "[No Variations]"
Added Pin To Net: NetName=Q2 Pin=U3-1
Added Pin To Net: NetName=GND Pin=U3-3
Added Pin To Net: NetName=VCC Pin=U3-4
Added Pin To Net: NetName=GND Pin=U3-5
Added Pin To Net: NetName=VCC Pin=U3-6
Added Pin To Net: NetName=MOSI Pin=U3-15
Added Pin To Net: NetName=MISO Pin=U3-16
Added Pin To Net: NetName=SCK Pin=U3-17
Added Pin To Net: NetName=VCC Pin=U3-18
Added Pin To Net: NetName=CURRENT_IN Pin=U3-19
Added Pin To Net: NetName=VCC Pin=U3-20
Added Pin To Net: NetName=GND Pin=U3-21
Added Pin To Net: NetName=RESET Pin=U3-29
Added Pin To Net: NetName=INPUT1 Pin=U3-30
Added Pin To Net: NetName=INPUT2 Pin=U3-31
Added Pin To Net: NetName=Q1 Pin=U3-32
Added Pin To Net: NetName=NetU3_7 Pin=U3-7
Added Pin To Net: NetName=NetU3_7 Pin=Y1-1
Added Net: Name=NetU3_7
Added Pin To Net: NetName=NetU3_8 Pin=U3-8
Added Pin To Net: NetName=NetU3_8 Pin=Y1-3
Added Net: Name=NetU3_8
Added Pin To Net: NetName=SCL Pin=JST-5
Added Pin To Net: NetName=SCL Pin=JST2-5
Added Pin To Net: NetName=SCL Pin=U3-28
Added Net: Name=SCL
Added Pin To Net: NetName=SDA Pin=JST-4
Added Pin To Net: NetName=SDA Pin=JST2-4
Added Pin To Net: NetName=SDA Pin=U3-27
Added Net: Name=SDA
Added Member To Class: ClassName=updated_sami_board Member=Component U3 ATmega328-AU
