Removed Pin From Net: NetName=GND Pin=C5-1
Removed Pin From Net: NetName=GND Pin=C6-1
Removed Pin From Net: NetName=VM Pin=CS1-1
Removed Pin From Net: NetName=CUR1_TO_OPAMP_IN+ Pin=CS1-2
Removed Pin From Net: NetName=M+ Pin=CS1-3
Removed Pin From Net: NetName=GND Pin=CS1-5
Removed Pin From Net: NetName=CURRENT_IN Pin=CS1-7
Removed Member From Class: ClassName=updated_sami_board Member=C5
Removed Member From Class: ClassName=updated_sami_board Member=C6
Removed Member From Class: ClassName=updated_sami_board Member=CS1
Change Component Footprint: Designator=C4 Old Footprint=CAP_ADJ_0805 New Footprint=FP-GRM15-MFG
Change Component Comment : Designator=C4 Old Comment=18pF New Comment=GRM155R71C104KA88D
Change Managed Component Library Link : Designator=C4 Old VaultGUID= New VaultGUID=B7D15EC3-160A-466F-A46C-7801FE6295A7 Old ItemGUID= New ItemGUID=388B580D-3E2B-4C40-82C1-AF26D2AEE14B Old RevisionGUID= New RevisionGUID=94EC833E-789A-4A38-8035-9CFDBEAC3EC3
Change component parameters: Designator = "C4" ("C4"); Footprint = "CAP_ADJ_0805"; UniqueID = "\VJKULNHT" ("\VJKULNHT")
Change component parameters (AddParameter): Name = "Capacitance"; Value = "0.10µF"; VariantName = "[No Variations]"
Change component parameters (AddParameter): Name = "Category"; Value = "Cap"; VariantName = "[No Variations]"
Change component parameters (AddParameter): Name = "ComponentLink2Description"; Value = "Datasheet"; VariantName = "[No Variations]"
Change component parameters (AddParameter): Name = "ComponentLink2URL"; Value = "https://search.murata.co.jp/Ceramy/image/img/A01X/G101/ENG/GRM155R71H471KA01-01A.pdf"; VariantName = "[No Variations]"
Change component parameters (AddParameter): Name = "Device Class L1"; Value = "Passive Components"; VariantName = "[No Variations]"
Change component parameters (AddParameter): Name = "Device Class L2"; Value = "Capacitors"; VariantName = "[No Variations]"
Change component parameters (AddParameter): Name = "Device Class L3"; Value = "Ceramic Capacitors"; VariantName = "[No Variations]"
Change component parameters (AddParameter): Name = "Digikey Description"; Value = "CAP CER 0.1UF 16V X7R 0402"; VariantName = "[No Variations]"
Change component parameters (AddParameter): Name = "Height"; Value = "0.55mm"; VariantName = "[No Variations]"
Change component parameters (AddParameter): Name = "Ipc Land Pattern Name"; Value = "CAPC10050X219"; VariantName = "[No Variations]"
Change component parameters (AddParameter): Name = "Lead Free"; Value = "yes"; VariantName = "[No Variations]"
Change component parameters (AddParameter): Name = "Manufacturer"; Value = "Murata"; VariantName = "[No Variations]"
Change component parameters (AddParameter): Name = "Manufacturer Part Number"; Value = "GRM155R71C104KA88D"; VariantName = "[No Variations]"
Change component parameters (AddParameter): Name = "Material"; Value = "Ceramic"; VariantName = "[No Variations]"
Change component parameters (AddParameter): Name = "Mouser Description"; Value = "0402 0.1 uF 16V ±10 % Tolerance X7R SMT Multilayer Ceramic Capacitor"; VariantName = "[No Variations]"
Change component parameters (AddParameter): Name = "Octopart"; Value = "https://octopart.com/grm155r71c104ka88d-murata-196880"; VariantName = "[No Variations]"
Change component parameters (AddParameter): Name = "Package"; Value = "GRM15"; VariantName = "[No Variations]"
Change component parameters (AddParameter): Name = "RoHS"; Value = "TRUE"; VariantName = "[No Variations]"
Change component parameters (AddParameter): Name = "Standoff Height"; Value = "0mm"; VariantName = "[No Variations]"
Change component parameters (AddParameter): Name = "Temperature"; Value = "-55°C to +125°C"; VariantName = "[No Variations]"
Change component parameters (AddParameter): Name = "Temperature Characteristic"; Value = "X7R"; VariantName = "[No Variations]"
Change component parameters (AddParameter): Name = "Temperature Range High"; Value = "+125°C"; VariantName = "[No Variations]"
Change component parameters (AddParameter): Name = "Temperature Range Low"; Value = "-55°C"; VariantName = "[No Variations]"
Change component parameters (AddParameter): Name = "Tolerance"; Value = "10%"; VariantName = "[No Variations]"
Change component parameters (AddParameter): Name = "Value"; Value = "0.10µF"; VariantName = "[No Variations]"
Change component parameters (AddParameter): Name = "Voltage Rating"; Value = "16Vdc"; VariantName = "[No Variations]"
Added Component: Designator=U2(DGK8_TEX)
Add component (AddParameter): Name = "Copyright"; Value = "Copyright (C) 2021 Ultra Librarian. All rights reserved."; VariantName = "[No Variations]"
Add component (AddParameter): Name = "Manufacturer_Part_Number"; Value = "INA2180A1IDGKR"; VariantName = "[No Variations]"
Add component (AddParameter): Name = "Mfr_Name"; Value = "Texas Instruments"; VariantName = "[No Variations]"
Add component (AddParameter): Name = "RefDes"; Value = "RefDes"; VariantName = "[No Variations]"
Add component (AddParameter): Name = "Type"; Value = "DEV"; VariantName = "[No Variations]"
Added Pin To Net: NetName=GND Pin=C4-1
Added Pin To Net: NetName=CURRENT_IN Pin=U2-1
Added Pin To Net: NetName=M+ Pin=U2-2
Added Pin To Net: NetName=CUR1_TO_OPAMP_IN+ Pin=U2-3
Added Pin To Net: NetName=GND Pin=U2-4
Added Pin To Net: NetName=GND Pin=U2-8
Added Member To Class: ClassName=updated_sami_board Member=Component U2 INA2180A1IDGKR
