Removed Pin From Net: NetName=PH Pin=IC1-1
Removed Pin From Net: NetName=EN Pin=IC1-20
Removed Pin From Net: NetName=VM Pin=MD-1
Removed Pin From Net: NetName=CUR1_TO_OPAMP_IN+ Pin=MD-2
Removed Pin From Net: NetName=M- Pin=MD-3
Removed Pin From Net: NetName=GND Pin=MD-4
Removed Pin From Net: NetName=EN Pin=MD-5
Removed Pin From Net: NetName=PH Pin=MD-6
Removed Pin From Net: NetName=VCC Pin=MD-7
Removed Pin From Net: NetName=VCC Pin=MD-8
Removed Pin From Net: NetName=GND Pin=MD-9
Removed Pin From Net: NetName=CUR1_TO_OPAMP_IN+ Pin=R1-1
Removed Pin From Net: NetName=M+ Pin=R1-2
Removed Member From Class: ClassName=updated_sami_board Member=MD
Added Component: Designator=SS360PT1(SS360PT)
Added Component: Designator=SS360PT2(SS360PT)
Added Pin To Net: NetName=GND Pin=SS360PT1-GND
Added Pin To Net: NetName=Q1 Pin=SS360PT1-Q
Added Pin To Net: NetName=VCC Pin=SS360PT1-VS
Added Pin To Net: NetName=GND Pin=SS360PT2-GND
Added Pin To Net: NetName=Q2 Pin=SS360PT2-Q
Added Pin To Net: NetName=VCC Pin=SS360PT2-VS
Added Pin To Net: NetName=INPUT1 Pin=IC1-20
Added Net: Name=INPUT1
Added Pin To Net: NetName=INPUT2 Pin=IC1-1
Added Net: Name=INPUT2
Added Class: Name=Temp - Old Motor Driver
Added Member To Class: ClassName=updated_sami_board Member=Component SS360PT1 SS360PT
Added Member To Class: ClassName=updated_sami_board Member=Component SS360PT2 SS360PT
