Added Component: Designator=J1(CONN6_BC070-06-A-1-L-C_GCC)
Add component (AddParameter): Name = "Copyright"; Value = "Copyright (C) 2021 Ultra Librarian. All rights reserved."; VariantName = "[No Variations]"
Add component (AddParameter): Name = "Manufacturer_Part_Number"; Value = "BC070-06-A-1-L-C"; VariantName = "[No Variations]"
Add component (AddParameter): Name = "Mfr_Name"; Value = "GCT"; VariantName = "[No Variations]"
Add component (AddParameter): Name = "RefDes"; Value = "RefDes"; VariantName = "[No Variations]"
Add component (AddParameter): Name = "Type"; Value = "DEV"; VariantName = "[No Variations]"
Added Pin To Net: NetName=VCC Pin=J1-4
Added Pin To Net: NetName=GND Pin=J1-6
Added Pin To Net: NetName=GND Pin=MD-9
Added Pin To Net: NetName=MISO Pin=IC1-16
Added Pin To Net: NetName=MISO Pin=J1-1
Added Net: Name=MISO
Added Pin To Net: NetName=MOSI Pin=IC1-15
Added Pin To Net: NetName=MOSI Pin=J1-5
Added Pin To Net: NetName=MOSI Pin=JST-4
Added Net: Name=MOSI
Added Pin To Net: NetName=RESET Pin=IC1-19
Added Pin To Net: NetName=RESET Pin=J1-3
Added Net: Name=RESET
Added Pin To Net: NetName=SCK Pin=IC1-17
Added Pin To Net: NetName=SCK Pin=J1-2
Added Pin To Net: NetName=SCK Pin=JST-5
Added Net: Name=SCK
Added Member To Class: ClassName=updated_sami_board Member=Component C6 100nF
Added Member To Class: ClassName=updated_sami_board Member=Component J1 BC070-06-A-1-L-C
