Removed Pin From Net: NetName=VM Pin=C4-2
Removed Pin From Net: NetName=GND Pin=U1-3
Removed Pin From Net: NetName=GND Pin=U1-4
Removed Pin From Net: NetName=INPUT1 Pin=U3-30
Removed Pin From Net: NetName=INPUT2 Pin=U3-31
Change Component Footprint: Designator=C6 Old Footprint=FP-0805-L_2_0_0_15-W_1_25-IPC_C New Footprint=FP-GRM21B-0_15-IPC_C
Change Component Comment : Designator=C6 Old Comment=JMF212AB7106KGHT - 10 uF New Comment=GRM21BR61E106KA73L - 10 uF
Change Managed Component Library Link : Designator=C6 Old VaultGUID=B7D15EC3-160A-466F-A46C-7801FE6295A7 New VaultGUID=B7D15EC3-160A-466F-A46C-7801FE6295A7 Old ItemGUID=F975B4D5-3ED4-4AE1-9717-566C51EDCB91 New ItemGUID=501E2D9C-4BE3-4844-92AF-0A039EC046A2 Old RevisionGUID=BCD680F0-40E6-4439-9505-EF9D9D0F4B0A New RevisionGUID=74084314-39A5-4B9C-9CD4-9EEDB41975ED
Change component parameters: Designator = "C6" ("C6"); Footprint = "FP-0805-L_2_0_0_15-W_1_25-IPC_C"; UniqueID = "\DUEHETAW" ("\DUEHETAW")
Change component parameters (AddParameter): Name = "Capacitance"; Value = "10uF"; VariantName = "[No Variations]"
Change component parameters (AddParameter): Name = "Case Code (Imperial)"; Value = "0805"; VariantName = "[No Variations]"
Change component parameters (AddParameter): Name = "Case Code (Metric)"; Value = "2012"; VariantName = "[No Variations]"
Change component parameters (AddParameter): Name = "Case/Package"; Value = "0805"; VariantName = "[No Variations]"
Change component parameters (AddParameter): Name = "Depth"; Value = "1.25mm"; VariantName = "[No Variations]"
Change component parameters (AddParameter): Name = "Dielectric"; Value = "X5R"; VariantName = "[No Variations]"
Change component parameters (AddParameter): Name = "Height"; Value = "1.25mm"; VariantName = "[No Variations]"
Change component parameters (AddParameter): Name = "Lead Free"; Value = "Lead Free"; VariantName = "[No Variations]"
Change component parameters (AddParameter): Name = "Length"; Value = "2mm"; VariantName = "[No Variations]"
Change component parameters (AddParameter): Name = "Material"; Value = "Ceramic"; VariantName = "[No Variations]"
Change component parameters (AddParameter): Name = "Max Operating Temperature"; Value = "85°C"; VariantName = "[No Variations]"
Change component parameters (AddParameter): Name = "Min Operating Temperature"; Value = "-55°C"; VariantName = "[No Variations]"
Change component parameters (AddParameter): Name = "Mount"; Value = "Surface Mount"; VariantName = "[No Variations]"
Change component parameters (AddParameter): Name = "Package Quantity"; Value = "1"; VariantName = "[No Variations]"
Change component parameters (AddParameter): Name = "Packaging"; Value = "Tape and Reel"; VariantName = "[No Variations]"
Change component parameters (AddParameter): Name = "Radiation Hardening"; Value = "No"; VariantName = "[No Variations]"
Change component parameters (AddParameter): Name = "Termination"; Value = "SMD/SMT"; VariantName = "[No Variations]"
Change component parameters (AddParameter): Name = "Thickness"; Value = "0.053inch"; VariantName = "[No Variations]"
Change component parameters (AddParameter): Name = "Tolerance"; Value = "10%"; VariantName = "[No Variations]"
Change component parameters (AddParameter): Name = "Voltage"; Value = "25V"; VariantName = "[No Variations]"
Change component parameters (AddParameter): Name = "Voltage Rating"; Value = "25V"; VariantName = "[No Variations]"
Change component parameters (AddParameter): Name = "Voltage Rating (DC)"; Value = "25V"; VariantName = "[No Variations]"
Change component parameters (AddParameter): Name = "Width"; Value = "0.049inch"; VariantName = "[No Variations]"
Added Pin To Net: NetName=VCC Pin=C4-2
Added Pin To Net: NetName=INPUT1 Pin=U3-13
Added Pin To Net: NetName=INPUT2 Pin=U3-14
Added Pin To Net: NetName=INPUT3 Pin=U1-3
Added Pin To Net: NetName=INPUT3 Pin=U3-9
Added Net: Name=INPUT3
Added Pin To Net: NetName=INPUT4 Pin=U1-4
Added Pin To Net: NetName=INPUT4 Pin=U3-10
Added Net: Name=INPUT4
